<?xml version="1.0" encoding="UTF-8"?>
<!-- Generated by org.testng.reporters.JUnitReportReporter -->
<testsuite hostname="Lenovo-PC" name="com.whether.Postmethod" tests="1" failures="0" timestamp="1 Aug 2018 18:03:01 GMT" time="3.622" errors="0">
  <testcase name="postMethods" time="3.622" classname="com.whether.Postmethod"/>
</testsuite> <!-- com.whether.Postmethod -->
