<?xml version="1.0" encoding="UTF-8"?>
<!-- Generated by org.testng.reporters.JUnitReportReporter -->
<testsuite hostname="Lenovo-PC" name="com.whether.static_Methods_RestAssured" tests="2" failures="0" timestamp="1 Aug 2018 16:29:23 GMT" time="7.834" errors="0">
  <testcase name="testTime" time="2.758" classname="com.whether.static_Methods_RestAssured"/>
  <testcase name="testApi" time="5.076" classname="com.whether.static_Methods_RestAssured"/>
</testsuite> <!-- com.whether.static_Methods_RestAssured -->
