<?xml version="1.0" encoding="UTF-8"?>
<!-- Generated by org.testng.reporters.JUnitReportReporter -->
<testsuite hostname="Lenovo-PC" name="com.whether.Postsmethod" tests="1" failures="0" timestamp="1 Aug 2018 17:01:43 GMT" time="3.631" errors="0">
  <testcase name="postMethods" time="3.631" classname="com.whether.Postsmethod"/>
</testsuite> <!-- com.whether.Postsmethod -->
