<?xml version="1.0" encoding="UTF-8"?>
<!-- Generated by org.testng.reporters.JUnitReportReporter -->
<testsuite hostname="Lenovo-PC" name="com.whether.Putmethod" tests="1" failures="0" timestamp="1 Aug 2018 18:02:11 GMT" time="4.221" errors="0">
  <testcase name="postMethods" time="4.221" classname="com.whether.Putmethod"/>
</testsuite> <!-- com.whether.Putmethod -->
