<?xml version="1.0" encoding="UTF-8"?>
<!-- Generated by org.testng.reporters.JUnitReportReporter -->
<testsuite hostname="Lenovo-PC" name="com.whether.Getmethod" tests="2" failures="0" timestamp="1 Aug 2018 16:10:22 GMT" time="7.008" errors="0">
  <testcase name="testRi" time="1.451" classname="com.whether.Getmethod"/>
  <testcase name="testApi" time="5.557" classname="com.whether.Getmethod"/>
</testsuite> <!-- com.whether.Getmethod -->
