<?xml version="1.0" encoding="UTF-8"?>
<!-- Generated by org.testng.reporters.JUnitReportReporter -->
<testsuite hostname="Lenovo-PC" name="com.whether.Deletemethod" tests="1" failures="0" timestamp="1 Aug 2018 17:47:12 GMT" time="3.865" errors="0">
  <testcase name="delMethods" time="3.865" classname="com.whether.Deletemethod"/>
</testsuite> <!-- com.whether.Deletemethod -->
